<?xml version="1.0" encoding="UTF-8"?>
<testsuite name="Happy path)" tests="3" skipped="0" failures="0" errors="0" timestamp="2015-11-30T17:03:43" hostname="jov-HP-Z220-CMT-Workstation" time="0.117">
  <properties/>
  <testcase name="Given I target the BO environment(Scenario: BO Bill History defaults to 18 bills with no parameter specified " classname="Happy path)" time="0.0"/>
  <testcase name="And I add a valid billing account number header with 1 bill(Scenario: BO Bill History defaults to 18 bills with no parameter specified " classname="Happy path)" time="0.001"/>
  <testcase name="When I get from &quot;/bills&quot;(Scenario: BO Bill History defaults to 18 bills with no parameter specified " classname="Happy path)" time="0.0"/>
  <system-out><![CDATA[]]></system-out>
  <system-err><![CDATA[]]></system-err>
</testsuite>
