<?xml version="1.0" encoding="UTF-8"?>
<testsuite name="happy path with json schema check)" tests="4" skipped="0" failures="0" errors="0" timestamp="2015-11-30T17:04:16" hostname="jov-HP-Z220-CMT-Workstation" time="0.034">
  <properties/>
  <testcase name="Given I target the PO environment(Scenario: Get Product Catalogue " classname="happy path with json schema check)" time="0.0"/>
  <testcase name="When I get from &quot;/catalogue/products&quot;(Scenario: Get Product Catalogue " classname="happy path with json schema check)" time="0.0"/>
  <testcase name="Then the response status is 200(Scenario: Get Product Catalogue " classname="happy path with json schema check)" time="0.0"/>
  <testcase name="And the response body matches the template &quot;product-catalogue-schema&quot;(Scenario: Get Product Catalogue " classname="happy path with json schema check)" time="0.0"/>
  <system-out><![CDATA[]]></system-out>
  <system-err><![CDATA[]]></system-err>
</testsuite>
