<?xml version="1.0" encoding="UTF-8"?>
<testsuite name="happy path)" tests="4" skipped="0" failures="0" errors="0" timestamp="2015-12-03T16:42:27" hostname="jov-HP-Z220-CMT-Workstation" time="0.477">
  <properties/>
  <testcase name="Given I target the BO environment(Scenario: BO Bill Details " classname="happy path)" time="0.001"/>
  <testcase name="When I view bill details for a bill of the type &quot;Line-Movies-Broadband&quot;(Scenario: BO Bill Details " classname="happy path)" time="0.0"/>
  <testcase name="And the response status is 200(Scenario: BO Bill Details " classname="happy path)" time="0.0"/>
  <testcase name="Then the response body matches the template &quot;bill-details&quot;(Scenario: BO Bill Details " classname="happy path)" time="0.0"/>
  <system-out><![CDATA[]]></system-out>
  <system-err><![CDATA[]]></system-err>
</testsuite>
